[0523/054506:ERROR:process_info.cc(608)] range at 0xfffde000, size 0x230 fully unreadable
[0523/054506:ERROR:process_reader_win.cc(172)] ResumeThread: 작업을 완료했습니다. (0x0)
[0523/054506:ERROR:process_reader_win.cc(141)] SuspendThread: 액세스가 거부되었습니다. (0x5)
[0523/054506:ERROR:process_reader_win.cc(141)] SuspendThread: 액세스가 거부되었습니다. (0x5)
[0523/054506:ERROR:process_reader_win.cc(113)] NtOpenThread: 잘못된 클라이언트 ID가 지정되었습니다.  (0xc000000b)
[0523/054506:ERROR:process_reader_win.cc(113)] NtOpenThread: 잘못된 클라이언트 ID가 지정되었습니다.  (0xc000000b)
[0523/054506:ERROR:process_reader_win.cc(113)] NtOpenThread: 잘못된 클라이언트 ID가 지정되었습니다.  (0xc000000b)
[0523/054506:ERROR:process_reader_win.cc(141)] SuspendThread: 액세스가 거부되었습니다. (0x5)
[0523/054506:ERROR:process_info.cc(608)] range at 0xfffdd000, size 0xf84 fully unreadable
[0523/054506:ERROR:process_info.cc(608)] range at 0xfffda000, size 0xf84 fully unreadable
[0523/054506:ERROR:process_info.cc(608)] range at 0xfffd7000, size 0xf84 fully unreadable
[0523/054506:ERROR:process_info.cc(608)] range at 0xfff9f000, size 0xf84 fully unreadable
[0523/054506:ERROR:process_info.cc(608)] range at 0xfff9c000, size 0xf84 fully unreadable
[0523/054506:ERROR:process_info.cc(608)] range at 0xfff99000, size 0xf84 fully unreadable
[0523/054506:ERROR:process_reader_win.cc(232)] ReadMemory at 0x762f0000 of 64 bytes failed: ReadProcessMemory 또는 WriteProcessMemory의 일부 작업만을 마쳤습니다. (0x12B)
[0523/054506:WARNING:pe_image_reader.cc(280)] could not read dos header from C:\Windows\syswow64\kernel32.dll
[0523/054506:ERROR:process_reader_win.cc(232)] ReadMemory at 0x74bd0000 of 64 bytes failed: ReadProcessMemory 또는 WriteProcessMemory의 일부 작업만을 마쳤습니다. (0x12B)
[0523/054506:WARNING:pe_image_reader.cc(280)] could not read dos header from C:\Windows\syswow64\msvcrt.dll
[0523/054506:ERROR:process_reader_win.cc(232)] ReadMemory at 0x74920000 of 64 bytes failed: ReadProcessMemory 또는 WriteProcessMemory의 일부 작업만을 마쳤습니다. (0x12B)
[0523/054506:WARNING:pe_image_reader.cc(280)] could not read dos header from C:\Windows\syswow64\CRYPTBASE.dll
[0523/054506:ERROR:process_reader_win.cc(232)] ReadMemory at 0x74930000 of 64 bytes failed: ReadProcessMemory 또는 WriteProcessMemory의 일부 작업만을 마쳤습니다. (0x12B)
[0523/054506:WARNING:pe_image_reader.cc(280)] could not read dos header from C:\Windows\syswow64\SspiCli.dll
[0523/054506:ERROR:process_reader_win.cc(232)] ReadMemory at 0x76a30000 of 64 bytes failed: ReadProcessMemory 또는 WriteProcessMemory의 일부 작업만을 마쳤습니다. (0x12B)
[0523/054506:WARNING:pe_image_reader.cc(280)] could not read dos header from C:\Windows\syswow64\RPCRT4.dll
[0523/054506:ERROR:process_reader_win.cc(232)] ReadMemory at 0x76b20000 of 64 bytes failed: ReadProcessMemory 또는 WriteProcessMemory의 일부 작업만을 마쳤습니다. (0x12B)
[0523/054506:WARNING:pe_image_reader.cc(280)] could not read dos header from C:\Windows\SysWOW64\sechost.dll
[0523/054506:ERROR:process_reader_win.cc(232)] ReadMemory at 0x75b40000 of 64 bytes failed: ReadProcessMemory 또는 WriteProcessMemory의 일부 작업만을 마쳤습니다. (0x12B)
[0523/054506:WARNING:pe_image_reader.cc(280)] could not read dos header from C:\Windows\syswow64\ADVAPI32.dll
[0523/054506:ERROR:process_reader_win.cc(232)] ReadMemory at 0x74140000 of 64 bytes failed: ReadProcessMemory 또는 WriteProcessMemory의 일부 작업만을 마쳤습니다. (0x12B)
[0523/054506:WARNING:pe_image_reader.cc(280)] could not read dos header from C:\Program Files (x86)\Google\Chrome\Application\50.0.2661.102\chrome_elf.dll
[0523/054506:ERROR:process_reader_win.cc(232)] ReadMemory at 0x71c00000 of 64 bytes failed: ReadProcessMemory 또는 WriteProcessMemory의 일부 작업만을 마쳤습니다. (0x12B)
[0523/054506:WARNING:pe_image_reader.cc(280)] could not read dos header from C:\Windows\system32\VERSION.dll
[0523/054506:ERROR:process_reader_win.cc(232)] ReadMemory at 0x76830000 of 64 bytes failed: ReadProcessMemory 또는 WriteProcessMemory의 일부 작업만을 마쳤습니다. (0x12B)
[0523/054506:WARNING:pe_image_reader.cc(280)] could not read dos header from C:\Windows\syswow64\USP10.dll
[0523/054506:ERROR:process_reader_win.cc(232)] ReadMemory at 0x76910000 of 64 bytes failed: ReadProcessMemory 또는 WriteProcessMemory의 일부 작업만을 마쳤습니다. (0x12B)
[0523/054506:WARNING:pe_image_reader.cc(280)] could not read dos header from C:\Windows\syswow64\LPK.dll
[0523/054506:ERROR:process_reader_win.cc(232)] ReadMemory at 0x75be0000 of 64 bytes failed: ReadProcessMemory 또는 WriteProcessMemory의 일부 작업만을 마쳤습니다. (0x12B)
[0523/054506:WARNING:pe_image_reader.cc(280)] could not read dos header from C:\Windows\syswow64\GDI32.dll
[0523/054506:ERROR:process_reader_win.cc(232)] ReadMemory at 0x74ad0000 of 64 bytes failed: ReadProcessMemory 또는 WriteProcessMemory의 일부 작업만을 마쳤습니다. (0x12B)
[0523/054506:WARNING:pe_image_reader.cc(280)] could not read dos header from C:\Windows\syswow64\USER32.dll
[0523/054506:ERROR:process_reader_win.cc(232)] ReadMemory at 0x70dc0000 of 64 bytes failed: ReadProcessMemory 또는 WriteProcessMemory의 일부 작업만을 마쳤습니다. (0x12B)
[0523/054506:WARNING:pe_image_reader.cc(280)] could not read dos header from C:\Windows\system32\WINMM.dll
[0523/054506:ERROR:process_reader_win.cc(232)] ReadMemory at 0x74ee0000 of 64 bytes failed: ReadProcessMemory 또는 WriteProcessMemory의 일부 작업만을 마쳤습니다. (0x12B)
[0523/054506:WARNING:pe_image_reader.cc(280)] could not read dos header from C:\Windows\syswow64\profapi.dll
[0523/054506:ERROR:process_reader_win.cc(232)] ReadMemory at 0x769e0000 of 64 bytes failed: ReadProcessMemory 또는 WriteProcessMemory의 일부 작업만을 마쳤습니다. (0x12B)
[0523/054506:WARNING:pe_image_reader.cc(280)] could not read dos header from C:\Windows\syswow64\USERENV.dll
[0523/054506:ERROR:process_reader_win.cc(232)] ReadMemory at 0x71bf0000 of 64 bytes failed: ReadProcessMemory 또는 WriteProcessMemory의 일부 작업만을 마쳤습니다. (0x12B)
[0523/054506:WARNING:pe_image_reader.cc(280)] could not read dos header from C:\Windows\system32\WTSAPI32.dll
[0523/054506:ERROR:process_reader_win.cc(232)] ReadMemory at 0x74080000 of 64 bytes failed: ReadProcessMemory 또는 WriteProcessMemory의 일부 작업만을 마쳤습니다. (0x12B)
[0523/054506:WARNING:pe_image_reader.cc(280)] could not read dos header from C:\Windows\system32\webio.dll
[0523/054506:ERROR:process_reader_win.cc(232)] ReadMemory at 0x74170000 of 64 bytes failed: ReadProcessMemory 또는 WriteProcessMemory의 일부 작업만을 마쳤습니다. (0x12B)
[0523/054506:WARNING:pe_image_reader.cc(280)] could not read dos header from C:\Windows\system32\WINHTTP.dll
[0523/054506:ERROR:process_reader_win.cc(232)] ReadMemory at 0x71690000 of 64 bytes failed: ReadProcessMemory 또는 WriteProcessMemory의 일부 작업만을 마쳤습니다. (0x12B)
[0523/054506:WARNING:pe_image_reader.cc(280)] could not read dos header from C:\Windows\system32\apphelp.dll
[0523/054506:ERROR:process_reader_win.cc(232)] ReadMemory at 0x76400000 of 64 bytes failed: ReadProcessMemory 또는 WriteProcessMemory의 일부 작업만을 마쳤습니다. (0x12B)
[0523/054506:WARNING:pe_image_reader.cc(280)] could not read dos header from C:\Windows\syswow64\SHLWAPI.dll
[0523/054506:ERROR:process_reader_win.cc(232)] ReadMemory at 0x74ef0000 of 64 bytes failed: ReadProcessMemory 또는 WriteProcessMemory의 일부 작업만을 마쳤습니다. (0x12B)
[0523/054506:WARNING:pe_image_reader.cc(280)] could not read dos header from C:\Windows\syswow64\SHELL32.dll
[0523/054506:ERROR:process_reader_win.cc(232)] ReadMemory at 0x760e0000 of 64 bytes failed: ReadProcessMemory 또는 WriteProcessMemory의 일부 작업만을 마쳤습니다. (0x12B)
[0523/054506:WARNING:pe_image_reader.cc(280)] could not read dos header from C:\Windows\syswow64\ole32.dll
[0523/054506:ERROR:process_reader_win.cc(232)] ReadMemory at 0x76240000 of 64 bytes failed: ReadProcessMemory 또는 WriteProcessMemory의 일부 작업만을 마쳤습니다. (0x12B)
[0523/054506:WARNING:pe_image_reader.cc(280)] could not read dos header from C:\Windows\syswow64\OLEAUT32.dll
[0523/054506:ERROR:process_reader_win.cc(232)] ReadMemory at 0x70d60000 of 64 bytes failed: ReadProcessMemory 또는 WriteProcessMemory의 일부 작업만을 마쳤습니다. (0x12B)
[0523/054506:WARNING:pe_image_reader.cc(280)] could not read dos header from C:\Windows\system32\WINSPOOL.DRV
[0523/054506:ERROR:process_reader_win.cc(232)] ReadMemory at 0x74360000 of 64 bytes failed: ReadProcessMemory 또는 WriteProcessMemory의 일부 작업만을 마쳤습니다. (0x12B)
[0523/054506:WARNING:pe_image_reader.cc(280)] could not read dos header from C:\Windows\system32\MPR.dll
[0523/054506:ERROR:process_reader_win.cc(232)] ReadMemory at 0x74220000 of 64 bytes failed: ReadProcessMemory 또는 WriteProcessMemory의 일부 작업만을 마쳤습니다. (0x12B)
[0523/054506:WARNING:pe_image_reader.cc(280)] could not read dos header from C:\Windows\AppPatch\AcLayers.DLL
[0523/054506:ERROR:process_reader_win.cc(232)] ReadMemory at 0x71710000 of 64 bytes failed: ReadProcessMemory 또는 WriteProcessMemory의 일부 작업만을 마쳤습니다. (0x12B)
[0523/054506:WARNING:pe_image_reader.cc(280)] could not read dos header from C:\Windows\system32\UxTheme.dll
[0523/054506:ERROR:process_reader_win.cc(232)] ReadMemory at 0x74130000 of 64 bytes failed: ReadProcessMemory 또는 WriteProcessMemory의 일부 작업만을 마쳤습니다. (0x12B)
[0523/054506:WARNING:pe_image_reader.cc(280)] could not read dos header from C:\Windows\system32\samcli.dll
[0523/054506:ERROR:process_reader_win.cc(232)] ReadMemory at 0x745e0000 of 64 bytes failed: ReadProcessMemory 또는 WriteProcessMemory의 일부 작업만을 마쳤습니다. (0x12B)
[0523/054506:WARNING:pe_image_reader.cc(280)] could not read dos header from C:\Windows\system32\MSACM32.dll
[0523/054506:ERROR:process_reader_win.cc(232)] ReadMemory at 0x745d0000 of 64 bytes failed: ReadProcessMemory 또는 WriteProcessMemory의 일부 작업만을 마쳤습니다. (0x12B)
[0523/054506:WARNING:pe_image_reader.cc(280)] could not read dos header from C:\Windows\system32\sfc.dll
[0523/054506:ERROR:process_reader_win.cc(232)] ReadMemory at 0x745c0000 of 64 bytes failed: ReadProcessMemory 또는 WriteProcessMemory의 일부 작업만을 마쳤습니다. (0x12B)
[0523/054506:WARNING:pe_image_reader.cc(280)] could not read dos header from C:\Windows\system32\sfc_os.DLL
[0523/054506:ERROR:process_reader_win.cc(232)] ReadMemory at 0x740d0000 of 64 bytes failed: ReadProcessMemory 또는 WriteProcessMemory의 일부 작업만을 마쳤습니다. (0x12B)
[0523/054506:WARNING:pe_image_reader.cc(280)] could not read dos header from C:\Windows\system32\dwmapi.dll
[0523/054506:ERROR:process_reader_win.cc(232)] ReadMemory at 0x76a00000 of 64 bytes failed: ReadProcessMemory 또는 WriteProcessMemory의 일부 작업만을 마쳤습니다. (0x12B)
[0523/054506:WARNING:pe_image_reader.cc(280)] could not read dos header from C:\Windows\syswow64\CFGMGR32.dll
[0523/054506:ERROR:process_reader_win.cc(232)] ReadMemory at 0x762d0000 of 64 bytes failed: ReadProcessMemory 또는 WriteProcessMemory의 일부 작업만을 마쳤습니다. (0x12B)
[0523/054506:WARNING:pe_image_reader.cc(280)] could not read dos header from C:\Windows\syswow64\DEVOBJ.dll
[0523/054506:ERROR:process_reader_win.cc(232)] ReadMemory at 0x764a0000 of 64 bytes failed: ReadProcessMemory 또는 WriteProcessMemory의 일부 작업만을 마쳤습니다. (0x12B)
[0523/054506:WARNING:pe_image_reader.cc(280)] could not read dos header from C:\Windows\syswow64\SETUPAPI.dll
[0523/054506:ERROR:process_reader_win.cc(232)] ReadMemory at 0x74c80000 of 64 bytes failed: ReadProcessMemory 또는 WriteProcessMemory의 일부 작업만을 마쳤습니다. (0x12B)
[0523/054506:WARNING:pe_image_reader.cc(280)] could not read dos header from C:\Windows\syswow64\api-ms-win-downlevel-ole32-l1-1-0.dll
[0523/054506:ERROR:process_reader_win.cc(232)] ReadMemory at 0x76f60000 of 64 bytes failed: ReadProcessMemory 또는 WriteProcessMemory의 일부 작업만을 마쳤습니다. (0x12B)
[0523/054506:WARNING:pe_image_reader.cc(280)] could not read dos header from C:\Windows\syswow64\api-ms-win-downlevel-shlwapi-l1-1-0.dll
[0523/054506:ERROR:process_reader_win.cc(232)] ReadMemory at 0x76900000 of 64 bytes failed: ReadProcessMemory 또는 WriteProcessMemory의 일부 작업만을 마쳤습니다. (0x12B)
[0523/054506:WARNING:pe_image_reader.cc(280)] could not read dos header from C:\Windows\syswow64\api-ms-win-downlevel-advapi32-l1-1-0.dll
[0523/054506:ERROR:process_reader_win.cc(232)] ReadMemory at 0x74c90000 of 64 bytes failed: ReadProcessMemory 또는 WriteProcessMemory의 일부 작업만을 마쳤습니다. (0x12B)
[0523/054506:WARNING:pe_image_reader.cc(280)] could not read dos header from C:\Windows\syswow64\api-ms-win-downlevel-user32-l1-1-0.dll
[0523/054506:ERROR:process_reader_win.cc(232)] ReadMemory at 0x75ce0000 of 64 bytes failed: ReadProcessMemory 또는 WriteProcessMemory의 일부 작업만을 마쳤습니다. (0x12B)
[0523/054506:WARNING:pe_image_reader.cc(280)] could not read dos header from C:\Windows\syswow64\api-ms-win-downlevel-version-l1-1-0.dll
[0523/054506:ERROR:process_reader_win.cc(232)] ReadMemory at 0x75fb0000 of 64 bytes failed: ReadProcessMemory 또는 WriteProcessMemory의 일부 작업만을 마쳤습니다. (0x12B)
[0523/054506:WARNING:pe_image_reader.cc(280)] could not read dos header from C:\Windows\syswow64\api-ms-win-downlevel-normaliz-l1-1-0.dll
[0523/054506:ERROR:process_reader_win.cc(232)] ReadMemory at 0x74ac0000 of 64 bytes failed: ReadProcessMemory 또는 WriteProcessMemory의 일부 작업만을 마쳤습니다. (0x12B)
[0523/054506:WARNING:pe_image_reader.cc(280)] could not read dos header from C:\Windows\syswow64\normaliz.DLL
[0523/054506:ERROR:process_reader_win.cc(232)] ReadMemory at 0x74ca0000 of 64 bytes failed: ReadProcessMemory 또는 WriteProcessMemory의 일부 작업만을 마쳤습니다. (0x12B)
[0523/054506:WARNING:pe_image_reader.cc(280)] could not read dos header from C:\Windows\syswow64\iertutil.dll
[0523/054506:ERROR:process_reader_win.cc(232)] ReadMemory at 0x75dd0000 of 64 bytes failed: ReadProcessMemory 또는 WriteProcessMemory의 일부 작업만을 마쳤습니다. (0x12B)
[0523/054506:WARNING:pe_image_reader.cc(280)] could not read dos header from C:\Windows\syswow64\WININET.dll
[0523/054506:ERROR:process_reader_win.cc(232)] ReadMemory at 0x766e0000 of 64 bytes failed: ReadProcessMemory 또는 WriteProcessMemory의 일부 작업만을 마쳤습니다. (0x12B)
[0523/054506:WARNING:pe_image_reader.cc(280)] could not read dos header from C:\Windows\syswow64\urlmon.dll
[0523/054506:ERROR:process_reader_win.cc(232)] ReadMemory at 0x72e20000 of 64 bytes failed: ReadProcessMemory 또는 WriteProcessMemory의 일부 작업만을 마쳤습니다. (0x12B)
[0523/054506:WARNING:pe_image_reader.cc(280)] could not read dos header from C:\Windows\AppPatch\AcGenral.DLL
[0523/054506:ERROR:process_reader_win.cc(232)] ReadMemory at 0x71ec0000 of 64 bytes failed: ReadProcessMemory 또는 WriteProcessMemory의 일부 작업만을 마쳤습니다. (0x12B)
[0523/054506:WARNING:pe_image_reader.cc(280)] could not read dos header from C:\Windows\AppPatch\AcXtrnal.DLL
[0523/054506:ERROR:process_reader_win.cc(232)] ReadMemory at 0x745a0000 of 64 bytes failed: ReadProcessMemory 또는 WriteProcessMemory의 일부 작업만을 마쳤습니다. (0x12B)
[0523/054506:WARNING:pe_image_reader.cc(280)] could not read dos header from C:\Windows\system32\SHUNIMPL.DLL
[0523/054506:ERROR:process_reader_win.cc(232)] ReadMemory at 0x74540000 of 64 bytes failed: ReadProcessMemory 또는 WriteProcessMemory의 일부 작업만을 마쳤습니다. (0x12B)
[0523/054506:WARNING:pe_image_reader.cc(280)] could not read dos header from C:\Windows\system32\SortWindows6Compat.dll
[0523/054506:ERROR:process_reader_win.cc(232)] ReadMemory at 0x749f0000 of 64 bytes failed: ReadProcessMemory 또는 WriteProcessMemory의 일부 작업만을 마쳤습니다. (0x12B)
[0523/054506:WARNING:pe_image_reader.cc(280)] could not read dos header from C:\Windows\syswow64\MSCTF.dll
[0523/054506:ERROR:process_reader_win.cc(232)] ReadMemory at 0x75c80000 of 64 bytes failed: ReadProcessMemory 또는 WriteProcessMemory의 일부 작업만을 마쳤습니다. (0x12B)
[0523/054506:WARNING:pe_image_reader.cc(280)] could not read dos header from C:\Windows\system32\IMM32.DLL
[0523/054506:ERROR:process_reader_win.cc(232)] ReadMemory at 0x75c70000 of 64 bytes failed: ReadProcessMemory 또는 WriteProcessMemory의 일부 작업만을 마쳤습니다. (0x12B)
[0523/054506:WARNING:pe_image_reader.cc(280)] could not read dos header from C:\Windows\syswow64\PSAPI.DLL
[0523/054506:ERROR:process_reader_win.cc(232)] ReadMemory at 0x71a50000 of 64 bytes failed: ReadProcessMemory 또는 WriteProcessMemory의 일부 작업만을 마쳤습니다. (0x12B)
[0523/054506:WARNING:pe_image_reader.cc(280)] could not read dos header from C:\Windows\WinSxS\x86_microsoft.windows.common-controls_6595b64144ccf1df_6.0.7601.17514_none_41e6975e2bd6f2b2\COMCTL32.dll
[0523/054506:ERROR:process_reader_win.cc(232)] ReadMemory at 0x76960000 of 64 bytes failed: ReadProcessMemory 또는 WriteProcessMemory의 일부 작업만을 마쳤습니다. (0x12B)
[0523/054506:WARNING:pe_image_reader.cc(280)] could not read dos header from C:\Windows\syswow64\COMDLG32.dll
[0523/054506:ERROR:process_reader_win.cc(232)] ReadMemory at 0x76640000 of 64 bytes failed: ReadProcessMemory 또는 WriteProcessMemory의 일부 작업만을 마쳤습니다. (0x12B)
[0523/054506:WARNING:pe_image_reader.cc(280)] could not read dos header from C:\Windows\syswow64\NSI.dll
[0523/054506:ERROR:process_reader_win.cc(232)] ReadMemory at 0x72150000 of 64 bytes failed: ReadProcessMemory 또는 WriteProcessMemory의 일부 작업만을 마쳤습니다. (0x12B)
[0523/054506:WARNING:pe_image_reader.cc(280)] could not read dos header from C:\Windows\system32\WINNSI.DLL
[0523/054506:ERROR:process_reader_win.cc(232)] ReadMemory at 0x72160000 of 64 bytes failed: ReadProcessMemory 또는 WriteProcessMemory의 일부 작업만을 마쳤습니다. (0x12B)
[0523/054506:WARNING:pe_image_reader.cc(280)] could not read dos header from C:\Windows\system32\IPHLPAPI.DLL
[0523/054506:ERROR:process_reader_win.cc(232)] ReadMemory at 0x76460000 of 64 bytes failed: ReadProcessMemory 또는 WriteProcessMemory의 일부 작업만을 마쳤습니다. (0x12B)
[0523/054506:WARNING:pe_image_reader.cc(280)] could not read dos header from C:\Windows\syswow64\WS2_32.dll
[0523/054506:ERROR:process_reader_win.cc(232)] ReadMemory at 0x76920000 of 64 bytes failed: ReadProcessMemory 또는 WriteProcessMemory의 일부 작업만을 마쳤습니다. (0x12B)
[0523/054506:WARNING:pe_image_reader.cc(280)] could not read dos header from C:\Windows\syswow64\MSASN1.dll
[0523/054506:ERROR:process_reader_win.cc(232)] ReadMemory at 0x75fc0000 of 64 bytes failed: ReadProcessMemory 또는 WriteProcessMemory의 일부 작업만을 마쳤습니다. (0x12B)
[0523/054506:WARNING:pe_image_reader.cc(280)] could not read dos header from C:\Windows\syswow64\CRYPT32.dll
[0523/054506:ERROR:process_reader_win.cc(232)] ReadMemory at 0x76930000 of 64 bytes failed: ReadProcessMemory 또는 WriteProcessMemory의 일부 작업만을 마쳤습니다. (0x12B)
[0523/054506:WARNING:pe_image_reader.cc(280)] could not read dos header from C:\Windows\syswow64\WINTRUST.dll
[0523/054506:ERROR:process_reader_win.cc(232)] ReadMemory at 0x74600000 of 64 bytes failed: ReadProcessMemory 또는 WriteProcessMemory의 일부 작업만을 마쳤습니다. (0x12B)
[0523/054506:WARNING:pe_image_reader.cc(280)] could not read dos header from C:\Windows\system32\Secur32.dll
[0523/054506:ERROR:process_reader_win.cc(232)] ReadMemory at 0x67450000 of 64 bytes failed: ReadProcessMemory 또는 WriteProcessMemory의 일부 작업만을 마쳤습니다. (0x12B)
[0523/054506:WARNING:pe_image_reader.cc(280)] could not read dos header from C:\Program Files (x86)\Google\Chrome\Application\50.0.2661.102\chrome_child.dll
[0523/054506:ERROR:process_reader_win.cc(232)] ReadMemory at 0x71d80000 of 64 bytes failed: ReadProcessMemory 또는 WriteProcessMemory의 일부 작업만을 마쳤습니다. (0x12B)
[0523/054506:WARNING:pe_image_reader.cc(280)] could not read dos header from C:\Windows\system32\dwrite.dll
[0523/054506:ERROR:process_reader_win.cc(232)] ReadMemory at 0x13a0000 of 64 bytes failed: ReadProcessMemory 또는 WriteProcessMemory의 일부 작업만을 마쳤습니다. (0x12B)
[0523/054506:WARNING:pe_image_reader.cc(280)] could not read dos header from C:\Program Files (x86)\Google\Chrome\Application\chrome.exe
[0523/054506:ERROR:process_reader_win.cc(232)] ReadMemory at 0x76f90000 of 64 bytes failed: ReadProcessMemory 또는 WriteProcessMemory의 일부 작업만을 마쳤습니다. (0x12B)
[0523/054506:WARNING:pe_image_reader.cc(280)] could not read dos header from C:\Windows\SysWOW64\ntdll.dll
[0523/054506:ERROR:process_reader_win.cc(232)] ReadMemory at 0x76b40000 of 64 bytes failed: ReadProcessMemory 또는 WriteProcessMemory의 일부 작업만을 마쳤습니다. (0x12B)
[0523/054506:WARNING:pe_image_reader.cc(280)] could not read dos header from C:\Windows\syswow64\KERNELBASE.dll
[0523/054506:ERROR:process_reader_win.cc(232)] ReadMemory at 0x762f0000 of 64 bytes failed: ReadProcessMemory 또는 WriteProcessMemory의 일부 작업만을 마쳤습니다. (0x12B)
[0523/054506:WARNING:pe_image_reader.cc(280)] could not read dos header from C:\Windows\syswow64\kernel32.dll
[0523/054506:ERROR:process_reader_win.cc(232)] ReadMemory at 0x74bd0000 of 64 bytes failed: ReadProcessMemory 또는 WriteProcessMemory의 일부 작업만을 마쳤습니다. (0x12B)
[0523/054506:WARNING:pe_image_reader.cc(280)] could not read dos header from C:\Windows\syswow64\msvcrt.dll
[0523/054506:ERROR:process_reader_win.cc(232)] ReadMemory at 0x74920000 of 64 bytes failed: ReadProcessMemory 또는 WriteProcessMemory의 일부 작업만을 마쳤습니다. (0x12B)
[0523/054506:WARNING:pe_image_reader.cc(280)] could not read dos header from C:\Windows\syswow64\CRYPTBASE.dll
[0523/054506:ERROR:process_reader_win.cc(232)] ReadMemory at 0x74930000 of 64 bytes failed: ReadProcessMemory 또는 WriteProcessMemory의 일부 작업만을 마쳤습니다. (0x12B)
[0523/054506:WARNING:pe_image_reader.cc(280)] could not read dos header from C:\Windows\syswow64\SspiCli.dll
[0523/054506:ERROR:process_reader_win.cc(232)] ReadMemory at 0x76a30000 of 64 bytes failed: ReadProcessMemory 또는 WriteProcessMemory의 일부 작업만을 마쳤습니다. (0x12B)
[0523/054506:WARNING:pe_image_reader.cc(280)] could not read dos header from C:\Windows\syswow64\RPCRT4.dll
[0523/054506:ERROR:process_reader_win.cc(232)] ReadMemory at 0x76b20000 of 64 bytes failed: ReadProcessMemory 또는 WriteProcessMemory의 일부 작업만을 마쳤습니다. (0x12B)
[0523/054506:WARNING:pe_image_reader.cc(280)] could not read dos header from C:\Windows\SysWOW64\sechost.dll
[0523/054506:ERROR:process_reader_win.cc(232)] ReadMemory at 0x75b40000 of 64 bytes failed: ReadProcessMemory 또는 WriteProcessMemory의 일부 작업만을 마쳤습니다. (0x12B)
[0523/054506:WARNING:pe_image_reader.cc(280)] could not read dos header from C:\Windows\syswow64\ADVAPI32.dll
[0523/054506:ERROR:process_reader_win.cc(232)] ReadMemory at 0x74140000 of 64 bytes failed: ReadProcessMemory 또는 WriteProcessMemory의 일부 작업만을 마쳤습니다. (0x12B)
[0523/054506:WARNING:pe_image_reader.cc(280)] could not read dos header from C:\Program Files (x86)\Google\Chrome\Application\50.0.2661.102\chrome_elf.dll
[0523/054506:ERROR:process_reader_win.cc(232)] ReadMemory at 0x71c00000 of 64 bytes failed: ReadProcessMemory 또는 WriteProcessMemory의 일부 작업만을 마쳤습니다. (0x12B)
[0523/054506:WARNING:pe_image_reader.cc(280)] could not read dos header from C:\Windows\system32\VERSION.dll
[0523/054506:ERROR:process_reader_win.cc(232)] ReadMemory at 0x76830000 of 64 bytes failed: ReadProcessMemory 또는 WriteProcessMemory의 일부 작업만을 마쳤습니다. (0x12B)
[0523/054506:WARNING:pe_image_reader.cc(280)] could not read dos header from C:\Windows\syswow64\USP10.dll
[0523/054506:ERROR:process_reader_win.cc(232)] ReadMemory at 0x76910000 of 64 bytes failed: ReadProcessMemory 또는 WriteProcessMemory의 일부 작업만을 마쳤습니다. (0x12B)
[0523/054506:WARNING:pe_image_reader.cc(280)] could not read dos header from C:\Windows\syswow64\LPK.dll
[0523/054506:ERROR:process_reader_win.cc(232)] ReadMemory at 0x75be0000 of 64 bytes failed: ReadProcessMemory 또는 WriteProcessMemory의 일부 작업만을 마쳤습니다. (0x12B)
[0523/054506:WARNING:pe_image_reader.cc(280)] could not read dos header from C:\Windows\syswow64\GDI32.dll
[0523/054506:ERROR:process_reader_win.cc(232)] ReadMemory at 0x74ad0000 of 64 bytes failed: ReadProcessMemory 또는 WriteProcessMemory의 일부 작업만을 마쳤습니다. (0x12B)
[0523/054506:WARNING:pe_image_reader.cc(280)] could not read dos header from C:\Windows\syswow64\USER32.dll
[0523/054506:ERROR:process_reader_win.cc(232)] ReadMemory at 0x70dc0000 of 64 bytes failed: ReadProcessMemory 또는 WriteProcessMemory의 일부 작업만을 마쳤습니다. (0x12B)
[0523/054506:WARNING:pe_image_reader.cc(280)] could not read dos header from C:\Windows\system32\WINMM.dll
[0523/054506:ERROR:process_reader_win.cc(232)] ReadMemory at 0x74ee0000 of 64 bytes failed: ReadProcessMemory 또는 WriteProcessMemory의 일부 작업만을 마쳤습니다. (0x12B)
[0523/054506:WARNING:pe_image_reader.cc(280)] could not read dos header from C:\Windows\syswow64\profapi.dll
[0523/054506:ERROR:process_reader_win.cc(232)] ReadMemory at 0x769e0000 of 64 bytes failed: ReadProcessMemory 또는 WriteProcessMemory의 일부 작업만을 마쳤습니다. (0x12B)
[0523/054506:WARNING:pe_image_reader.cc(280)] could not read dos header from C:\Windows\syswow64\USERENV.dll
[0523/054506:ERROR:process_reader_win.cc(232)] ReadMemory at 0x71bf0000 of 64 bytes failed: ReadProcessMemory 또는 WriteProcessMemory의 일부 작업만을 마쳤습니다. (0x12B)
[0523/054506:WARNING:pe_image_reader.cc(280)] could not read dos header from C:\Windows\system32\WTSAPI32.dll
[0523/054506:ERROR:process_reader_win.cc(232)] ReadMemory at 0x74080000 of 64 bytes failed: ReadProcessMemory 또는 WriteProcessMemory의 일부 작업만을 마쳤습니다. (0x12B)
[0523/054506:WARNING:pe_image_reader.cc(280)] could not read dos header from C:\Windows\system32\webio.dll
[0523/054506:ERROR:process_reader_win.cc(232)] ReadMemory at 0x74170000 of 64 bytes failed: ReadProcessMemory 또는 WriteProcessMemory의 일부 작업만을 마쳤습니다. (0x12B)
[0523/054506:WARNING:pe_image_reader.cc(280)] could not read dos header from C:\Windows\system32\WINHTTP.dll
[0523/054506:ERROR:process_reader_win.cc(232)] ReadMemory at 0x71690000 of 64 bytes failed: ReadProcessMemory 또는 WriteProcessMemory의 일부 작업만을 마쳤습니다. (0x12B)
[0523/054506:WARNING:pe_image_reader.cc(280)] could not read dos header from C:\Windows\system32\apphelp.dll
[0523/054506:ERROR:process_reader_win.cc(232)] ReadMemory at 0x76400000 of 64 bytes failed: ReadProcessMemory 또는 WriteProcessMemory의 일부 작업만을 마쳤습니다. (0x12B)
[0523/054506:WARNING:pe_image_reader.cc(280)] could not read dos header from C:\Windows\syswow64\SHLWAPI.dll
[0523/054506:ERROR:process_reader_win.cc(232)] ReadMemory at 0x74ef0000 of 64 bytes failed: ReadProcessMemory 또는 WriteProcessMemory의 일부 작업만을 마쳤습니다. (0x12B)
[0523/054506:WARNING:pe_image_reader.cc(280)] could not read dos header from C:\Windows\syswow64\SHELL32.dll
[0523/054506:ERROR:process_reader_win.cc(232)] ReadMemory at 0x760e0000 of 64 bytes failed: ReadProcessMemory 또는 WriteProcessMemory의 일부 작업만을 마쳤습니다. (0x12B)
[0523/054506:WARNING:pe_image_reader.cc(280)] could not read dos header from C:\Windows\syswow64\ole32.dll
[0523/054506:ERROR:process_reader_win.cc(232)] ReadMemory at 0x76240000 of 64 bytes failed: ReadProcessMemory 또는 WriteProcessMemory의 일부 작업만을 마쳤습니다. (0x12B)
[0523/054506:WARNING:pe_image_reader.cc(280)] could not read dos header from C:\Windows\syswow64\OLEAUT32.dll
[0523/054506:ERROR:process_reader_win.cc(232)] ReadMemory at 0x70d60000 of 64 bytes failed: ReadProcessMemory 또는 WriteProcessMemory의 일부 작업만을 마쳤습니다. (0x12B)
[0523/054506:WARNING:pe_image_reader.cc(280)] could not read dos header from C:\Windows\system32\WINSPOOL.DRV
[0523/054506:ERROR:process_reader_win.cc(232)] ReadMemory at 0x74360000 of 64 bytes failed: ReadProcessMemory 또는 WriteProcessMemory의 일부 작업만을 마쳤습니다. (0x12B)
[0523/054506:WARNING:pe_image_reader.cc(280)] could not read dos header from C:\Windows\system32\MPR.dll
[0523/054506:ERROR:process_reader_win.cc(232)] ReadMemory at 0x74220000 of 64 bytes failed: ReadProcessMemory 또는 WriteProcessMemory의 일부 작업만을 마쳤습니다. (0x12B)
[0523/054506:WARNING:pe_image_reader.cc(280)] could not read dos header from C:\Windows\AppPatch\AcLayers.DLL
[0523/054506:ERROR:process_reader_win.cc(232)] ReadMemory at 0x71710000 of 64 bytes failed: ReadProcessMemory 또는 WriteProcessMemory의 일부 작업만을 마쳤습니다. (0x12B)
[0523/054506:WARNING:pe_image_reader.cc(280)] could not read dos header from C:\Windows\system32\UxTheme.dll
[0523/054506:ERROR:process_reader_win.cc(232)] ReadMemory at 0x74130000 of 64 bytes failed: ReadProcessMemory 또는 WriteProcessMemory의 일부 작업만을 마쳤습니다. (0x12B)
[0523/054506:WARNING:pe_image_reader.cc(280)] could not read dos header from C:\Windows\system32\samcli.dll
[0523/054506:ERROR:process_reader_win.cc(232)] ReadMemory at 0x745e0000 of 64 bytes failed: ReadProcessMemory 또는 WriteProcessMemory의 일부 작업만을 마쳤습니다. (0x12B)
[0523/054506:WARNING:pe_image_reader.cc(280)] could not read dos header from C:\Windows\system32\MSACM32.dll
[0523/054506:ERROR:process_reader_win.cc(232)] ReadMemory at 0x745d0000 of 64 bytes failed: ReadProcessMemory 또는 WriteProcessMemory의 일부 작업만을 마쳤습니다. (0x12B)
[0523/054506:WARNING:pe_image_reader.cc(280)] could not read dos header from C:\Windows\system32\sfc.dll
[0523/054506:ERROR:process_reader_win.cc(232)] ReadMemory at 0x745c0000 of 64 bytes failed: ReadProcessMemory 또는 WriteProcessMemory의 일부 작업만을 마쳤습니다. (0x12B)
[0523/054506:WARNING:pe_image_reader.cc(280)] could not read dos header from C:\Windows\system32\sfc_os.DLL
[0523/054506:ERROR:process_reader_win.cc(232)] ReadMemory at 0x740d0000 of 64 bytes failed: ReadProcessMemory 또는 WriteProcessMemory의 일부 작업만을 마쳤습니다. (0x12B)
[0523/054506:WARNING:pe_image_reader.cc(280)] could not read dos header from C:\Windows\system32\dwmapi.dll
[0523/054506:ERROR:process_reader_win.cc(232)] ReadMemory at 0x76a00000 of 64 bytes failed: ReadProcessMemory 또는 WriteProcessMemory의 일부 작업만을 마쳤습니다. (0x12B)
[0523/054506:WARNING:pe_image_reader.cc(280)] could not read dos header from C:\Windows\syswow64\CFGMGR32.dll
[0523/054506:ERROR:process_reader_win.cc(232)] ReadMemory at 0x762d0000 of 64 bytes failed: ReadProcessMemory 또는 WriteProcessMemory의 일부 작업만을 마쳤습니다. (0x12B)
[0523/054506:WARNING:pe_image_reader.cc(280)] could not read dos header from C:\Windows\syswow64\DEVOBJ.dll
[0523/054506:ERROR:process_reader_win.cc(232)] ReadMemory at 0x764a0000 of 64 bytes failed: ReadProcessMemory 또는 WriteProcessMemory의 일부 작업만을 마쳤습니다. (0x12B)
[0523/054506:WARNING:pe_image_reader.cc(280)] could not read dos header from C:\Windows\syswow64\SETUPAPI.dll
[0523/054506:ERROR:process_reader_win.cc(232)] ReadMemory at 0x74c80000 of 64 bytes failed: ReadProcessMemory 또는 WriteProcessMemory의 일부 작업만을 마쳤습니다. (0x12B)
[0523/054506:WARNING:pe_image_reader.cc(280)] could not read dos header from C:\Windows\syswow64\api-ms-win-downlevel-ole32-l1-1-0.dll
[0523/054506:ERROR:process_reader_win.cc(232)] ReadMemory at 0x76f60000 of 64 bytes failed: ReadProcessMemory 또는 WriteProcessMemory의 일부 작업만을 마쳤습니다. (0x12B)
[0523/054506:WARNING:pe_image_reader.cc(280)] could not read dos header from C:\Windows\syswow64\api-ms-win-downlevel-shlwapi-l1-1-0.dll
[0523/054506:ERROR:process_reader_win.cc(232)] ReadMemory at 0x76900000 of 64 bytes failed: ReadProcessMemory 또는 WriteProcessMemory의 일부 작업만을 마쳤습니다. (0x12B)
[0523/054506:WARNING:pe_image_reader.cc(280)] could not read dos header from C:\Windows\syswow64\api-ms-win-downlevel-advapi32-l1-1-0.dll
[0523/054506:ERROR:process_reader_win.cc(232)] ReadMemory at 0x74c90000 of 64 bytes failed: ReadProcessMemory 또는 WriteProcessMemory의 일부 작업만을 마쳤습니다. (0x12B)
[0523/054506:WARNING:pe_image_reader.cc(280)] could not read dos header from C:\Windows\syswow64\api-ms-win-downlevel-user32-l1-1-0.dll
[0523/054506:ERROR:process_reader_win.cc(232)] ReadMemory at 0x75ce0000 of 64 bytes failed: ReadProcessMemory 또는 WriteProcessMemory의 일부 작업만을 마쳤습니다. (0x12B)
[0523/054506:WARNING:pe_image_reader.cc(280)] could not read dos header from C:\Windows\syswow64\api-ms-win-downlevel-version-l1-1-0.dll
[0523/054506:ERROR:process_reader_win.cc(232)] ReadMemory at 0x75fb0000 of 64 bytes failed: ReadProcessMemory 또는 WriteProcessMemory의 일부 작업만을 마쳤습니다. (0x12B)
[0523/054506:WARNING:pe_image_reader.cc(280)] could not read dos header from C:\Windows\syswow64\api-ms-win-downlevel-normaliz-l1-1-0.dll
[0523/054506:ERROR:process_reader_win.cc(232)] ReadMemory at 0x74ac0000 of 64 bytes failed: ReadProcessMemory 또는 WriteProcessMemory의 일부 작업만을 마쳤습니다. (0x12B)
[0523/054506:WARNING:pe_image_reader.cc(280)] could not read dos header from C:\Windows\syswow64\normaliz.DLL
[0523/054506:ERROR:process_reader_win.cc(232)] ReadMemory at 0x74ca0000 of 64 bytes failed: ReadProcessMemory 또는 WriteProcessMemory의 일부 작업만을 마쳤습니다. (0x12B)
[0523/054506:WARNING:pe_image_reader.cc(280)] could not read dos header from C:\Windows\syswow64\iertutil.dll
[0523/054506:ERROR:process_reader_win.cc(232)] ReadMemory at 0x75dd0000 of 64 bytes failed: ReadProcessMemory 또는 WriteProcessMemory의 일부 작업만을 마쳤습니다. (0x12B)
[0523/054506:WARNING:pe_image_reader.cc(280)] could not read dos header from C:\Windows\syswow64\WININET.dll
[0523/054506:ERROR:process_reader_win.cc(232)] ReadMemory at 0x766e0000 of 64 bytes failed: ReadProcessMemory 또는 WriteProcessMemory의 일부 작업만을 마쳤습니다. (0x12B)
[0523/054506:WARNING:pe_image_reader.cc(280)] could not read dos header from C:\Windows\syswow64\urlmon.dll
[0523/054506:ERROR:process_reader_win.cc(232)] ReadMemory at 0x72e20000 of 64 bytes failed: ReadProcessMemory 또는 WriteProcessMemory의 일부 작업만을 마쳤습니다. (0x12B)
[0523/054506:WARNING:pe_image_reader.cc(280)] could not read dos header from C:\Windows\AppPatch\AcGenral.DLL
[0523/054506:ERROR:process_reader_win.cc(232)] ReadMemory at 0x71ec0000 of 64 bytes failed: ReadProcessMemory 또는 WriteProcessMemory의 일부 작업만을 마쳤습니다. (0x12B)
[0523/054506:WARNING:pe_image_reader.cc(280)] could not read dos header from C:\Windows\AppPatch\AcXtrnal.DLL
[0523/054506:ERROR:process_reader_win.cc(232)] ReadMemory at 0x745a0000 of 64 bytes failed: ReadProcessMemory 또는 WriteProcessMemory의 일부 작업만을 마쳤습니다. (0x12B)
[0523/054506:WARNING:pe_image_reader.cc(280)] could not read dos header from C:\Windows\system32\SHUNIMPL.DLL
[0523/054506:ERROR:process_reader_win.cc(232)] ReadMemory at 0x74540000 of 64 bytes failed: ReadProcessMemory 또는 WriteProcessMemory의 일부 작업만을 마쳤습니다. (0x12B)
[0523/054506:WARNING:pe_image_reader.cc(280)] could not read dos header from C:\Windows\system32\SortWindows6Compat.dll
[0523/054506:ERROR:process_reader_win.cc(232)] ReadMemory at 0x749f0000 of 64 bytes failed: ReadProcessMemory 또는 WriteProcessMemory의 일부 작업만을 마쳤습니다. (0x12B)
[0523/054506:WARNING:pe_image_reader.cc(280)] could not read dos header from C:\Windows\syswow64\MSCTF.dll
[0523/054506:ERROR:process_reader_win.cc(232)] ReadMemory at 0x75c80000 of 64 bytes failed: ReadProcessMemory 또는 WriteProcessMemory의 일부 작업만을 마쳤습니다. (0x12B)
[0523/054506:WARNING:pe_image_reader.cc(280)] could not read dos header from C:\Windows\system32\IMM32.DLL
[0523/054506:ERROR:process_reader_win.cc(232)] ReadMemory at 0x75c70000 of 64 bytes failed: ReadProcessMemory 또는 WriteProcessMemory의 일부 작업만을 마쳤습니다. (0x12B)
[0523/054506:WARNING:pe_image_reader.cc(280)] could not read dos header from C:\Windows\syswow64\PSAPI.DLL
[0523/054506:ERROR:process_reader_win.cc(232)] ReadMemory at 0x71a50000 of 64 bytes failed: ReadProcessMemory 또는 WriteProcessMemory의 일부 작업만을 마쳤습니다. (0x12B)
[0523/054506:WARNING:pe_image_reader.cc(280)] could not read dos header from C:\Windows\WinSxS\x86_microsoft.windows.common-controls_6595b64144ccf1df_6.0.7601.17514_none_41e6975e2bd6f2b2\COMCTL32.dll
[0523/054506:ERROR:process_reader_win.cc(232)] ReadMemory at 0x76960000 of 64 bytes failed: ReadProcessMemory 또는 WriteProcessMemory의 일부 작업만을 마쳤습니다. (0x12B)
[0523/054506:WARNING:pe_image_reader.cc(280)] could not read dos header from C:\Windows\syswow64\COMDLG32.dll
[0523/054506:ERROR:process_reader_win.cc(232)] ReadMemory at 0x76640000 of 64 bytes failed: ReadProcessMemory 또는 WriteProcessMemory의 일부 작업만을 마쳤습니다. (0x12B)
[0523/054506:WARNING:pe_image_reader.cc(280)] could not read dos header from C:\Windows\syswow64\NSI.dll
[0523/054506:ERROR:process_reader_win.cc(232)] ReadMemory at 0x72150000 of 64 bytes failed: ReadProcessMemory 또는 WriteProcessMemory의 일부 작업만을 마쳤습니다. (0x12B)
[0523/054506:WARNING:pe_image_reader.cc(280)] could not read dos header from C:\Windows\system32\WINNSI.DLL
[0523/054506:ERROR:process_reader_win.cc(232)] ReadMemory at 0x72160000 of 64 bytes failed: ReadProcessMemory 또는 WriteProcessMemory의 일부 작업만을 마쳤습니다. (0x12B)
[0523/054506:WARNING:pe_image_reader.cc(280)] could not read dos header from C:\Windows\system32\IPHLPAPI.DLL
[0523/054506:ERROR:process_reader_win.cc(232)] ReadMemory at 0x76460000 of 64 bytes failed: ReadProcessMemory 또는 WriteProcessMemory의 일부 작업만을 마쳤습니다. (0x12B)
[0523/054506:WARNING:pe_image_reader.cc(280)] could not read dos header from C:\Windows\syswow64\WS2_32.dll
[0523/054506:ERROR:process_reader_win.cc(232)] ReadMemory at 0x76920000 of 64 bytes failed: ReadProcessMemory 또는 WriteProcessMemory의 일부 작업만을 마쳤습니다. (0x12B)
[0523/054506:WARNING:pe_image_reader.cc(280)] could not read dos header from C:\Windows\syswow64\MSASN1.dll
[0523/054506:ERROR:process_reader_win.cc(232)] ReadMemory at 0x75fc0000 of 64 bytes failed: ReadProcessMemory 또는 WriteProcessMemory의 일부 작업만을 마쳤습니다. (0x12B)
[0523/054506:WARNING:pe_image_reader.cc(280)] could not read dos header from C:\Windows\syswow64\CRYPT32.dll
[0523/054506:ERROR:process_reader_win.cc(232)] ReadMemory at 0x76930000 of 64 bytes failed: ReadProcessMemory 또는 WriteProcessMemory의 일부 작업만을 마쳤습니다. (0x12B)
[0523/054506:WARNING:pe_image_reader.cc(280)] could not read dos header from C:\Windows\syswow64\WINTRUST.dll
[0523/054506:ERROR:process_reader_win.cc(232)] ReadMemory at 0x74600000 of 64 bytes failed: ReadProcessMemory 또는 WriteProcessMemory의 일부 작업만을 마쳤습니다. (0x12B)
[0523/054506:WARNING:pe_image_reader.cc(280)] could not read dos header from C:\Windows\system32\Secur32.dll
[0523/054506:ERROR:process_reader_win.cc(232)] ReadMemory at 0x67450000 of 64 bytes failed: ReadProcessMemory 또는 WriteProcessMemory의 일부 작업만을 마쳤습니다. (0x12B)
[0523/054506:WARNING:pe_image_reader.cc(280)] could not read dos header from C:\Program Files (x86)\Google\Chrome\Application\50.0.2661.102\chrome_child.dll
[0523/054506:ERROR:process_reader_win.cc(232)] ReadMemory at 0x71d80000 of 64 bytes failed: ReadProcessMemory 또는 WriteProcessMemory의 일부 작업만을 마쳤습니다. (0x12B)
[0523/054506:WARNING:pe_image_reader.cc(280)] could not read dos header from C:\Windows\system32\dwrite.dll
[0523/054506:ERROR:process_reader_win.cc(232)] ReadMemory at 0x1b6000 of 40960 bytes failed: ReadProcessMemory 또는 WriteProcessMemory의 일부 작업만을 마쳤습니다. (0x12B)
[0523/054506:ERROR:crash_report_exception_handler.cc(102)] WriteEverything failed
[0523/054506:ERROR:scoped_process_suspend.cc(38)] NtResumeProcess, ntstatus=-1073741558
